f:\husky mod menu\open source\m0d-s0beit-v\x64\release\script.obj
f:\husky mod menu\open source\m0d-s0beit-v\x64\release\menurow.obj
f:\husky mod menu\open source\m0d-s0beit-v\x64\release\menufunctions.obj
f:\husky mod menu\open source\m0d-s0beit-v\x64\release\menu.obj
f:\husky mod menu\open source\m0d-s0beit-v\x64\release\log.obj
f:\husky mod menu\open source\m0d-s0beit-v\x64\release\keyboard.obj
f:\husky mod menu\open source\m0d-s0beit-v\x64\release\uifunctions.obj
f:\husky mod menu\open source\m0d-s0beit-v\x64\release\worldfunctions.obj
f:\husky mod menu\open source\m0d-s0beit-v\x64\release\weaponfunctions.obj
f:\husky mod menu\open source\m0d-s0beit-v\x64\release\vehiclefunctions.obj
f:\husky mod menu\open source\m0d-s0beit-v\x64\release\playerfunctions.obj
f:\husky mod menu\open source\m0d-s0beit-v\x64\release\onlinefunctions.obj
f:\husky mod menu\open source\m0d-s0beit-v\x64\release\format.obj
f:\husky mod menu\open source\m0d-s0beit-v\x64\release\dllmain.obj
f:\husky mod menu\open source\x64\release\husky mod menu.asi
f:\husky mod menu\open source\x64\release\husky mod menu.ipdb
f:\husky mod menu\open source\x64\release\husky mod menu.iobj
f:\husky mod menu\open source\m0d-s0beit-v\x64\release\husky mod menu.tlog\cl.command.1.tlog
f:\husky mod menu\open source\m0d-s0beit-v\x64\release\husky mod menu.tlog\cl.read.1.tlog
f:\husky mod menu\open source\m0d-s0beit-v\x64\release\husky mod menu.tlog\cl.write.1.tlog
f:\husky mod menu\open source\m0d-s0beit-v\x64\release\husky mod menu.tlog\link.command.1.tlog
f:\husky mod menu\open source\m0d-s0beit-v\x64\release\husky mod menu.tlog\link.read.1.tlog
f:\husky mod menu\open source\m0d-s0beit-v\x64\release\husky mod menu.tlog\link.write.1.tlog
