  format.cpp
  OnlineFunctions.cpp
Functions\OnlineFunctions.cpp(35): warning C4800: 'BOOL': forcing value to bool 'true' or 'false' (performance warning)
Functions\OnlineFunctions.cpp(224): warning C4305: 'argument': truncation from 'double' to 'float'
Functions\OnlineFunctions.cpp(488): warning C4305: 'argument': truncation from 'double' to 'float'
Functions\OnlineFunctions.cpp(510): warning C4838: conversion from 'WeaponHashes' to 'const Hash' requires a narrowing conversion
  PlayerFunctions.cpp
Functions\PlayerFunctions.cpp(170): warning C4305: 'argument': truncation from 'double' to 'float'
Functions\PlayerFunctions.cpp(178): warning C4305: 'argument': truncation from 'double' to 'float'
Functions\PlayerFunctions.cpp(481): warning C4805: '==': unsafe mix of type 'BOOL' and type 'bool' in operation
Functions\PlayerFunctions.cpp(486): warning C4305: '+=': truncation from 'double' to 'float'
Functions\PlayerFunctions.cpp(497): warning C4244: 'argument': conversion from 'int' to 'float', possible loss of data
Functions\PlayerFunctions.cpp(573): warning C4305: '+=': truncation from 'double' to 'float'
  VehicleFunctions.cpp
Functions\VehicleFunctions.cpp(44): warning C4244: 'initializing': conversion from 'double' to 'float', possible loss of data
Functions\VehicleFunctions.cpp(51): warning C4244: '=': conversion from 'double' to 'float', possible loss of data
Functions\VehicleFunctions.cpp(58): warning C4244: '=': conversion from 'double' to 'float', possible loss of data
Functions\VehicleFunctions.cpp(65): warning C4244: '=': conversion from 'double' to 'float', possible loss of data
Functions\VehicleFunctions.cpp(72): warning C4244: '=': conversion from 'double' to 'float', possible loss of data
Functions\VehicleFunctions.cpp(122): warning C4305: 'argument': truncation from 'double' to 'float'
Functions\VehicleFunctions.cpp(123): warning C4305: 'argument': truncation from 'double' to 'float'
Functions\VehicleFunctions.cpp(159): warning C4305: 'argument': truncation from 'double' to 'float'
Functions\VehicleFunctions.cpp(160): warning C4305: 'argument': truncation from 'double' to 'float'
  WeaponFunctions.cpp
Functions\WeaponFunctions.cpp(6): warning C4838: conversion from 'WeaponAddonComponents' to 'const Hash' requires a narrowing conversion
Functions\WeaponFunctions.cpp(14): warning C4838: conversion from 'WeaponAddonComponents' to 'Hash' requires a narrowing conversion
Functions\WeaponFunctions.cpp(38): warning C4838: conversion from 'WeaponHashes' to 'const Hash' requires a narrowing conversion
  WorldFunctions.cpp
  UIFunctions.cpp
  keyboard.cpp
  Log.cpp
  menu.cpp
menu.cpp(727): warning C4244: 'initializing': conversion from 'int' to 'float', possible loss of data
menu.cpp(739): warning C4244: 'initializing': conversion from 'float' to 'int', possible loss of data
  MenuFunctions.cpp
  MenuRow.cpp
  script.cpp
  dllmain.cpp
  Generating code
  All 10008 functions were compiled because no usable IPDB/IOBJ from previous compilation was found.
  Finished generating code
  m0d-s0beit-v.vcxproj -> F:\Husky Mod Menu\Open Source\x64\Release\Husky Mod Menu.asi
